20000715_afp_arb.0072.eng	afp	18	agence france-presse
20000715_afp_arb.0072.eng	iran	106	iran
20000715_afp_arb.0072.eng	jerusalem	2	jerusalem
20000815_afp_arb.0071.eng	afp	15	agence france-presse
20000815_afp_arb.0071.eng	beirut	2	beirut
20000815_afp_arb.0071.eng	israel	140	israel
20000815_afp_arb.0071.eng	lebanon	23	lebanon
20001015_afp_arb.0053.eng	bangkok	1700	bangkok
20001015_afp_arb.0053.eng	beirut	2	beirut
20001015_afp_arb.0053.eng	lebanon	1089	lebanon
20001015_afp_arb.0229.eng	riyadh	164	riyadh
20001015_afp_arb.0229.eng	riyadh international airport	370	king khalid international airport
20001115_afp_arb.0013.eng	bandar seri begawan	2	bandar seri begawan
20001115_afp_arb.0013.eng	brunei	456	brunei
20001115_afp_arb.0060.eng	bandar seri begawan	2	bandar seri begawan
20001115_afp_arb.0060.eng	sultanate of brunei	751	brunei
20001115_afp_arb.0065.eng	amsterdam	870	amsterdam
20001115_afp_arb.0065.eng	camp zeist	2	scottish court in the netherlands
20001115_afp_arb.0065.eng	holland	14	netherlands
20001115_afp_arb.0065.eng	soviet union	574	soviet union
20001115_afp_arb.0065.eng	sweden	841	sweden
20001115_afp_arb.0072.eng	afp	17	agence france-presse
20001115_afp_arb.0072.eng	iraq	128	iraq
20001115_afp_arb.0089.eng	afp	25	agence france-presse
20001115_afp_arb.0089.eng	algeria	230	algeria
20001115_afp_arb.0089.eng	beirut	330	beirut
20001115_afp_arb.0089.eng	jerusalem	1318	jerusalem
20001115_afp_arb.0089.eng	lebanon	731	lebanon
20001115_afp_arb.0089.eng	lebanon	9	lebanon
20001115_afp_arb.0089.eng	palestinian national council	198	palestinian national council
20001115_afp_arb.0089.eng	souer	308	piet souer
20001115_afp_arb.0093.eng	afp	29	agence france-presse
20001115_afp_arb.0093.eng	bandar seri begawan	2	bandar seri begawan
20001115_afp_arb.0093.eng	white house	354	white house
20001115_afp_arb.0184.eng	jerusalem	2	jerusalem
20001115_afp_arb.0210.eng	florida	66	florida
20001115_afp_arb.0210.eng	tallahassee	2	tallahassee, florida
20001115_afp_arb.0212.eng	america	44	united states
20001115_afp_arb.0212.eng	madeleine albright	136	madeleine albright
20001115_afp_arb.0212.eng	middle east	670	middle east
20001115_afp_arb.0212.eng	richard levin	295	rick levin
20001115_afp_arb.0212.eng	time magazine	902	time (magazine)
20001115_afp_arb.0212.eng	yale university	236	yale university
20001115_afp_arb.0217.eng	bandar seri begawan	2	bandar seri begawan
20001115_afp_arb.0217.eng	brunei	553	brunei
apw20001001.2021.0521	cairo	2	cairo
apw20001001.2021.0521	iraq	317	iraq
apw20001001.2021.0521	jerusalem	500	jerusalem
apw20001001.2021.0521	syria	53	syria
chtb_165.eng	citibank	409	citibank
chtb_165.eng	hsbc	79	hsbc
chtb_165.eng	pudong	287	pudong
chtb_165.eng	shanghai	22	shanghai
chtb_165.eng	xinhua news agency	2	xinhua news agency
chtb_267.eng	beijing	22	beijing
chtb_267.eng	jiangsu province	155	jiangsu
chtb_267.eng	rudong	1927	rudong county
chtb_267.eng	weir group	74	weir group
chtb_267.eng	xinhua news agency	2	xinhua news agency
nyt20001101.2212.0429	comcast	3974	comcast
nyt20001101.2212.0429	merrill lynch	2465	merrill lynch
nyt20001101.2212.0429	roger mcnamee	2128	roger mcnamee
nyt20001101.2212.0429	sanford c. bernstein	1592	alliancebernstein
nyt20001101.2212.0429	time warner	508	time warner
nyt20001101.2212.0429	warner	2045	time warner
nyt20001106.1705.0187	arkansas	881	arkansas
nyt20001106.1705.0187	chattanooga	317	chattanooga, tennessee
nyt20001106.1705.0187	d.c.	3951	washington, d.c.
nyt20001106.1705.0187	pennsylvania	2378	pennsylvania
nyt20001106.1705.0187	tenn.	330	tennessee
nyt20001106.1705.0187	white house	1175	white house
nyt20001106.1705.0187	wisconsin	2196	wisconsin
nyt20001109.1946.0315	america	469	united states
nyt20001109.1946.0315	florida	1390	florida
nyt20001109.1946.0315	portland	2286	portland, oregon
nyt20001109.1946.0315	ralph nader	101	ralph nader
nyt20001109.1946.0315	sierra club	4003	sierra club
nyt20001109.1946.0315	university of florida	4289	university of florida
nyt20001109.1946.0315	washington	88	united states
nyt20001109.1946.0315	white house	1081	white house
nyt20001123.1511.0062	abc	285	american broadcasting company
nyt20001123.1511.0062	cbs	4238	cbs
nyt20001123.1511.0062	fidelity investments	932	fidelity investments
nyt20001123.1511.0062	fox sports	766	fox broadcasting company
nyt20001123.1511.0062	greg kinnear	2155	greg kinnear
nyt20001123.1511.0062	helen hunt	2143	helen hunt
nyt20001123.1511.0062	houston grand opera	4040	houston grand opera
nyt20001123.1511.0062	jack nicholson	2127	jack nicholson
nyt20001123.1511.0062	james l. brooks	2172	james l. brooks
nyt20001123.1511.0062	john corbett	3879	john corbett
nyt20001123.1511.0062	land rover	3278	land rover
nyt20001123.1511.0062	microsoft	3128	microsoft
nyt20001123.1511.0062	pepsico	1985	pepsico
nyt20001123.1511.0062	reader's digest association	2519	trusted media brands, inc.
nyt20001123.1511.0062	roundabout theater company	2346	roundabout theatre company
nyt20001123.1511.0062	sun microsystems	790	sun microsystems
nyt20001123.1511.0062	times square	2404	times square
nyt20001123.1511.0062	volvo	3293	volvo
nyt20001124.2050.0257	chen shui-bian	1242	chen shui-bian
nyt20001124.2050.0257	hong kong general chamber of commerce	2673	hong kong general chamber of commerce
nyt20001124.2050.0257	indonesia	1101	indonesia
nyt20001124.2050.0257	international monetary fund	552	international monetary fund
nyt20001124.2050.0257	malaysia	1358	malaysia
nyt20001124.2050.0257	philippines	1076	philippines
nyt20001124.2050.0257	singapore	1969	singapore
nyt20001124.2050.0257	south korea	1371	south korea
nyt20001124.2050.0257	united states	2264	united states
nyt20001125.1558.0117	grosse pointe park	55	grosse pointe park, michigan
nyt20001125.1558.0117	pennsylvania	653	pennsylvania
nyt20001129.2040.0383	fla.	336	florida
nyt20001129.2040.0383	tallahassee	323	tallahassee, florida
nyt20001217.2241.0165	chicago o'hare	539	o'hare international airport
nyt20001217.2241.0165	federal aviation administration	2704	federal aviation administration
nyt20001217.2241.0165	jfk	1826	john f. kennedy international airport
nyt20001217.2241.0165	john wayne airport	1736	john wayne airport
nyt20001217.2241.0165	los angeles international	1664	los angeles international airport
nyt20001217.2241.0165	orange county	1758	orange county, california
nyt20001217.2241.0165	westchester county airport	1788	westchester county airport
pri20001031.2000.1824	los angeles	107	los angeles
pri20001122.2000.0320	corey flintoff	332	corey flintoff
pri20001122.2000.0320	npr news	348	npr
pri20001122.2000.0320	yasser arafat	35	yasser arafat
pri20001128.2000.0055	al gore	863	al gore
pri20001128.2000.0055	miami dade county	513	miami-dade county, florida
pri20001128.2000.0055	npr news	18	npr
pri20001128.2000.0055	palm beach county	667	palm beach county, florida
pri20001128.2000.0055	seattle	2073	seattle
pri20001128.2000.0055	washington state	1925	washington (state)
pri20001201.2000.1828	florida supreme court	541	supreme court of florida
pri20001201.2000.1828	sandra day o'connor	776	sandra day o'connor
pri20001201.2000.1828	us supreme court	63	supreme court of the united states
voa20001020.2100.1853	uss cole	26	uss cole (ddg-67)
voa20001020.2100.1853	yemen	93	yemen
voa20001129.2000.0364	baltimore	400	baltimore
voa20001129.2000.0364	gore	838	al gore
voa20001129.2000.0364	johns hopkins university	412	johns hopkins university
voa20001129.2000.0364	lawrence tribe	770	laurence tribe
voa20001220.2000.0060	america	394	united states
voa20001220.2000.0060	voa news	19	voice of america
voa20001223.2000.0139	slobodan milosevic	325	slobodan milošević
20000715_afp_arb.0072.eng	ministry of defense	2212	ministry of defense (israel)
20000715_afp_arb.0072.eng	moscow	877	moscow
20001015_afp_arb.0053.eng	mexico	1362	mexico
20001015_afp_arb.0229.eng	afp	16	agence france-presse
20001015_afp_arb.0229.eng	baghdad	123	baghdad
20001015_afp_arb.0229.eng	london	2	greater london
20001115_afp_arb.0030.eng	afp	14	agence france-presse
20001115_afp_arb.0030.eng	egypt	490	united arab republic
20001115_afp_arb.0060.eng	iran	2438	iran national cerebral palsy football team
20001115_afp_arb.0061.eng	gaza	2	gaza strip
20001115_afp_arb.0065.eng	copenhagen	881	copenhagen airport
20001115_afp_arb.0065.eng	malta	1912	malta
20001115_afp_arb.0065.eng	stockholm	896	stockholm arlanda airport
20001115_afp_arb.0072.eng	baghdad	2	baghdad
20001115_afp_arb.0089.eng	saida	708	saïda province
20001115_afp_arb.0093.eng	united states	41	united states
20001115_afp_arb.0184.eng	west bank	1607	west bank
20001115_afp_arb.0210.eng	united states	15	united states
20001115_afp_arb.0217.eng	afp	29	agence france-presse
20001115_afp_arb.0217.eng	russia	98	russia
apw20001001.2021.0521	egypt	9	egypt
apw20001001.2021.0521	gaza strip	485	gaza strip
apw20001001.2021.0521	west bank	474	palestine
chtb_165.eng	hong kong	419	cathay
chtb_165.eng	japan	437	japan
chtb_267.eng	china	209	china
chtb_267.eng	japan	2704	japan
chtb_267.eng	south korea	2711	south korea
chtb_267.eng	taiwan	2727	taiwan
nyt20001101.2212.0429	boston	887	boston bruins
nyt20001101.2212.0429	capital cities/abc	1921	capital cities/abc inc.
nyt20001101.2212.0429	disney	1883	the walt disney company
nyt20001101.2212.0429	nbc	2665	nbcuniversal
nyt20001101.2212.0429	time	2036	time warner
nyt20001101.2212.0429	washington	2682	united states
nyt20001106.1705.0187	iowa	2210	des moines, iowa
nyt20001106.1705.0187	michigan	2365	michigan
nyt20001106.1705.0187	washington	544	united states
nyt20001109.1946.0315	green party	3514	green party of the united states
nyt20001109.1946.0315	oregon	2068	portland, oregon
nyt20001123.1511.0062	brooklyn	4633	brooklyn
nyt20001123.1511.0062	levi	2793	zachary levi
nyt20001124.2050.0257	asia	147	europe
nyt20001124.2050.0257	bloomberg news	2128	bloomberg news
nyt20001124.2050.0257	china	2428	taiwan
nyt20001124.2050.0257	hong kong	112	cathay
nyt20001124.2050.0257	taiwan	1089	taiwan
nyt20001125.1558.0117	detroit	2481	detroit
nyt20001125.1558.0117	mich.	75	michigan
nyt20001125.1558.0117	new york	640	new york city
nyt20001129.2040.0383	electoral college	2896	electoral college
nyt20001217.2241.0165	burbank	1725	burbank, california
nyt20001217.2241.0165	la guardia	558	laguardia airport
nyt20001217.2241.0165	new york	572	new york city
nyt20001217.2241.0165	south	679	south korea
nyt20001217.2241.0165	washington	4586	united states
pri20001031.2000.1824	bbc news	6	bbc
pri20001031.2000.1824	london	18	greater london
pri20001031.2000.1824	taiwan	97	cathay
pri20001122.2000.0320	washington	358	united states
pri20001128.2000.0055	washington	30	united states
pri20001201.2000.1828	bbc news	6	bbc
pri20001201.2000.1828	london	18	england
pri20001201.2000.1828	washington	1115	united states
voa20001129.2000.0364	washington	59	united states
voa20001220.2000.0060	texas	888	united states
voa20001223.2000.0139	socialist party	372	socialist party of serbia
